  Building Custom Rule C:/Users/alekm/Documents/Projects/SoftwareRenderer/SGL/CMakeLists.txt
  texture.c
C:\Users\alekm\Documents\Projects\SoftwareRenderer\SGL\sgl\texture.h(86,9): warning C4161: #pragma pack(pop...): more pops than pushes
C:\Users\alekm\Documents\Projects\SoftwareRenderer\SGL\sgl\texture.c(2,1): warning C4103: alignment changed after including header, may be due to missing #pragma pack(pop)
C:\Users\alekm\Documents\Projects\SoftwareRenderer\SGL\sgl\texture.c(16,30): warning C4013: 'malloc' undefined; assuming extern returning int
C:\Users\alekm\Documents\Projects\SoftwareRenderer\SGL\sgl\texture.c(16,72): warning C4312: 'type cast': conversion from 'int' to 'SGLRGB32 *' of greater size
C:\Users\alekm\Documents\Projects\SoftwareRenderer\SGL\sgl\texture.c(20,68): warning C4312: 'type cast': conversion from 'int' to 'float *' of greater size
C:\Users\alekm\Documents\Projects\SoftwareRenderer\SGL\sgl\texture.c(30,3): warning C4013: 'free' undefined; assuming extern returning int
C:\Users\alekm\Documents\Projects\SoftwareRenderer\SGL\sgl\texture.c(41,25): warning C4018: '<': signed/unsigned mismatch
C:\Users\alekm\Documents\Projects\SoftwareRenderer\SGL\sgl\texture.c(47,25): warning C4018: '<': signed/unsigned mismatch
C:\Users\alekm\Documents\Projects\SoftwareRenderer\SGL\sgl\texture.c(55,8): warning C4244: '=': conversion from 'float' to 'int32_t', possible loss of data
C:\Users\alekm\Documents\Projects\SoftwareRenderer\SGL\sgl\texture.c(56,8): warning C4244: '=': conversion from 'float' to 'int32_t', possible loss of data
C:\Users\alekm\Documents\Projects\SoftwareRenderer\SGL\sgl\texture.c(101,28): warning C4018: '<': signed/unsigned mismatch
C:\Users\alekm\Documents\Projects\SoftwareRenderer\SGL\sgl\texture.c(103,29): warning C4018: '<': signed/unsigned mismatch
C:\Users\alekm\Documents\Projects\SoftwareRenderer\SGL\sgl\texture.c(73,14): warning C4996: 'fopen': This function or variable may be unsafe. Consider using fopen_s instead. To disable deprecation, use _CRT_SECURE_NO_WARNINGS. See online help for details.
C:\Users\alekm\Documents\Projects\SoftwareRenderer\SGL\sgl\texture.c(95,1): warning C4047: 'initializing': 'SGLRGB24 *' differs in levels of indirection from 'int'
C:\Users\alekm\Documents\Projects\SoftwareRenderer\SGL\sgl\texture.c(131,15): warning C4267: '=': conversion from 'size_t' to 'uint32_t', possible loss of data
C:\Users\alekm\Documents\Projects\SoftwareRenderer\SGL\sgl\texture.c(125,14): warning C4996: 'fopen': This function or variable may be unsafe. Consider using fopen_s instead. To disable deprecation, use _CRT_SECURE_NO_WARNINGS. See online help for details.
C:\Users\alekm\Documents\Projects\SoftwareRenderer\SGL\sgl\texture.c(150,1): warning C4047: 'initializing': 'SGLRGB24 *' differs in levels of indirection from 'int'
C:/Users/alekm/Documents/Projects/SoftwareRenderer/SGL/sgl.def(2): warning LNK4017: DESCRIPTION statement not supported for the target platform; ignored
     Creating library C:/Users/alekm/Documents/Projects/SoftwareRenderer/build/SGL/Release/SGL.lib and object C:/Users/alekm/Documents/Projects/SoftwareRenderer/build/SGL/Release/SGL.exp
  SGL.vcxproj -> C:\Users\alekm\Documents\Projects\SoftwareRenderer\build\bin\Release\SGL.dll
